d:\c++\paoda\obj\x64\release_console\ironman.core-dmano1\paod.pch
d:\c++\paoda\obj\x64\release_console\ironman.core-dmano1\vc143.pdb
d:\c++\paoda\obj\x64\release_console\ironman.core-dmano1\include\winheaders.obj
d:\c++\paoda\obj\x64\release_console\ironman.core-dmano1\winheaders.asm
d:\c++\paoda\obj\x64\release_console\ironman.core-dmano1\main.obj
d:\c++\paoda\obj\x64\release_console\ironman.core-dmano1\main.asm
d:\c++\paoda\obj\x64\release_console\ironman.core-dmano1\allocmem.obj
d:\c++\paoda\obj\x64\release_console\ironman.core-dmano1\allocmem.asm
d:\c++\paoda\obj\x64\release_console\ironman.core-dmano1\hijackexport.obj
d:\c++\paoda\obj\x64\release_console\ironman.core-dmano1\hijackexport.asm
d:\c++\paoda\obj\x64\release_console\ironman.core-dmano1\core\drivercontrol.obj
d:\c++\paoda\obj\x64\release_console\ironman.core-dmano1\drivercontrol.asm
d:\c++\paoda\obj\x64\release_console\ironman.core-dmano1\core\handweaponmanager.obj
d:\c++\paoda\obj\x64\release_console\ironman.core-dmano1\handweaponmanager.asm
d:\c++\paoda\obj\x64\release_console\ironman.core-dmano1\core\skinweaponmanager.obj
d:\c++\paoda\obj\x64\release_console\ironman.core-dmano1\skinweaponmanager.asm
d:\c++\paoda\obj\x64\release_console\ironman.core-dmano1\core\vehiclemanager.obj
d:\c++\paoda\obj\x64\release_console\ironman.core-dmano1\vehiclemanager.asm
d:\c++\paoda\obj\x64\release_console\ironman.core-dmano1\core\auth.obj
d:\c++\paoda\obj\x64\release_console\ironman.core-dmano1\auth.asm
d:\c++\paoda\obj\x64\release_console\ironman.core-dmano1\core\itemmanager.obj
d:\c++\paoda\obj\x64\release_console\ironman.core-dmano1\itemmanager.asm
d:\c++\paoda\obj\x64\release_console\ironman.core-dmano1\core\visuals.obj
d:\c++\paoda\obj\x64\release_console\ironman.core-dmano1\visuals.asm
d:\c++\paoda\obj\x64\release_console\ironman.core-dmano1\core\core.obj
d:\c++\paoda\obj\x64\release_console\ironman.core-dmano1\core.asm
d:\c++\paoda\obj\x64\release_console\ironman.core-dmano1\core\menu.obj
d:\c++\paoda\obj\x64\release_console\ironman.core-dmano1\menu.asm
d:\c++\paoda\obj\x64\release_console\ironman.core-dmano1\core\config.obj
d:\c++\paoda\obj\x64\release_console\ironman.core-dmano1\config.asm
d:\c++\paoda\obj\x64\release_console\ironman.core-dmano1\core\filepak.obj
d:\c++\paoda\obj\x64\release_console\ironman.core-dmano1\filepak.asm
d:\c++\paoda\obj\x64\release_console\ironman.core-dmano1\core\patternloader.obj
d:\c++\paoda\obj\x64\release_console\ironman.core-dmano1\patternloader.asm
d:\c++\paoda\obj\x64\release_console\ironman.core-dmano1\core\directx\drawing.obj
d:\c++\paoda\obj\x64\release_console\ironman.core-dmano1\drawing.asm
d:\c++\paoda\obj\x64\release_console\ironman.core-dmano1\core\directx\directx11.obj
d:\c++\paoda\obj\x64\release_console\ironman.core-dmano1\directx11.asm
d:\c++\paoda\obj\x64\release_console\ironman.core-dmano1\core\directx\imgui_win32.obj
d:\c++\paoda\obj\x64\release_console\ironman.core-dmano1\imgui_win32.asm
d:\c++\paoda\obj\x64\release_console\ironman.core-dmano1\core\directx\imgui_dx11.obj
d:\c++\paoda\obj\x64\release_console\ironman.core-dmano1\imgui_dx11.asm
d:\c++\paoda\obj\x64\release_console\ironman.core-dmano1\core\dma\dmahandler.obj
d:\c++\paoda\obj\x64\release_console\ironman.core-dmano1\dmahandler.asm
d:\c++\paoda\obj\x64\release_console\ironman.core-dmano1\core\imgui\imgui_widgets.obj
d:\c++\paoda\obj\x64\release_console\ironman.core-dmano1\imgui_widgets.asm
d:\c++\paoda\obj\x64\release_console\ironman.core-dmano1\core\imgui\imgui.obj
d:\c++\paoda\obj\x64\release_console\ironman.core-dmano1\imgui.asm
d:\c++\paoda\obj\x64\release_console\ironman.core-dmano1\core\imgui\imgui_draw.obj
d:\c++\paoda\obj\x64\release_console\ironman.core-dmano1\imgui_draw.asm
d:\c++\paoda\obj\x64\release_console\ironman.core-dmano1\core\math\math.obj
d:\c++\paoda\obj\x64\release_console\ironman.core-dmano1\math.asm
d:\c++\paoda\obj\x64\release_console\ironman.core-dmano1\core\mousecontroller\kmbox\kmboxnet.obj
d:\c++\paoda\obj\x64\release_console\ironman.core-dmano1\kmboxnet.asm
d:\c++\paoda\obj\x64\release_console\ironman.core-dmano1\core\physicsmanager\physicsmanager.obj
d:\c++\paoda\obj\x64\release_console\ironman.core-dmano1\physicsmanager.asm
d:\c++\paoda\obj\x64\release_console\ironman.core-dmano1\core\sdk\coreuobject\class.obj
d:\c++\paoda\obj\x64\release_console\ironman.core-dmano1\class.asm
d:\c++\paoda\obj\x64\release_console\ironman.core-dmano1\core\sdk\coreuobject\object.obj
d:\c++\paoda\obj\x64\release_console\ironman.core-dmano1\object.asm
d:\c++\paoda\obj\x64\release_console\ironman.core-dmano1\core\sdk\sdk.obj
d:\c++\paoda\obj\x64\release_console\ironman.core-dmano1\sdk.asm
d:\c++\paoda\obj\x64\release_console\ironman.core-dmano1\core\sdk\objectsstore.obj
d:\c++\paoda\obj\x64\release_console\ironman.core-dmano1\objectsstore.asm
d:\c++\paoda\obj\x64\release_console\ironman.core-dmano1\core\sdk\uencrypt.obj
d:\c++\paoda\obj\x64\release_console\ironman.core-dmano1\uencrypt.asm
d:\c++\paoda\obj\x64\release_console\ironman.core-dmano1\core\sdk\unrealnames.obj
d:\c++\paoda\obj\x64\release_console\ironman.core-dmano1\unrealnames.asm
d:\c++\paoda\obj\x64\release_console\ironman.core-dmano1\core\sdk\objectmanager.obj
d:\c++\paoda\obj\x64\release_console\ironman.core-dmano1\objectmanager.asm
d:\c++\paoda\obj\x64\release_console\ironman.core-dmano1\helper\analysis\decryptanalysis.obj
d:\c++\paoda\obj\x64\release_console\ironman.core-dmano1\decryptanalysis.asm
d:\c++\paoda\obj\x64\release_console\ironman.core-dmano1\helper\analysis\analysisbase.obj
d:\c++\paoda\obj\x64\release_console\ironman.core-dmano1\analysisbase.asm
d:\c++\paoda\obj\x64\release_console\ironman.core-dmano1\helper\analysis\uobjectanalysis.obj
d:\c++\paoda\obj\x64\release_console\ironman.core-dmano1\uobjectanalysis.asm
d:\c++\paoda\obj\x64\release_console\ironman.core-dmano1\helper\asm\asmhelper64.obj
d:\c++\paoda\obj\x64\release_console\ironman.core-dmano1\asmhelper64.asm
d:\c++\paoda\obj\x64\release_console\ironman.core-dmano1\helper\misc\initonce.obj
d:\c++\paoda\obj\x64\release_console\ironman.core-dmano1\initonce.asm
d:\c++\paoda\obj\x64\release_console\ironman.core-dmano1\helper\misc\console.obj
d:\c++\paoda\obj\x64\release_console\ironman.core-dmano1\console.asm
d:\c++\paoda\obj\x64\release_console\ironman.core-dmano1\helper\misc\zydiswrapper.obj
d:\c++\paoda\obj\x64\release_console\ironman.core-dmano1\zydiswrapper.asm
d:\c++\paoda\obj\x64\release_console\ironman.core-dmano1\helper\misc\threadmutex.obj
d:\c++\paoda\obj\x64\release_console\ironman.core-dmano1\threadmutex.asm
d:\c++\paoda\obj\x64\release_console\ironman.core-dmano1\helper\misc\utils.obj
d:\c++\paoda\obj\x64\release_console\ironman.core-dmano1\utils.asm
d:\c++\paoda\obj\x64\release_console\ironman.core-dmano1\helper\misc\jsonhelper.obj
d:\c++\paoda\obj\x64\release_console\ironman.core-dmano1\jsonhelper.asm
d:\c++\paoda\obj\x64\release_console\ironman.core-dmano1\thirdparty\asmjit\base\codegen.obj
d:\c++\paoda\obj\x64\release_console\ironman.core-dmano1\codegen.asm
d:\c++\paoda\obj\x64\release_console\ironman.core-dmano1\thirdparty\asmjit\base\cpuinfo.obj
d:\c++\paoda\obj\x64\release_console\ironman.core-dmano1\cpuinfo.asm
d:\c++\paoda\obj\x64\release_console\ironman.core-dmano1\thirdparty\asmjit\base\intutil.obj
d:\c++\paoda\obj\x64\release_console\ironman.core-dmano1\intutil.asm
d:\c++\paoda\obj\x64\release_console\ironman.core-dmano1\thirdparty\asmjit\base\string.obj
d:\c++\paoda\obj\x64\release_console\ironman.core-dmano1\string.asm
d:\c++\paoda\obj\x64\release_console\ironman.core-dmano1\thirdparty\asmjit\base\assembler.obj
d:\c++\paoda\obj\x64\release_console\ironman.core-dmano1\assembler.asm
d:\c++\paoda\obj\x64\release_console\ironman.core-dmano1\thirdparty\asmjit\base\cputicks.obj
d:\c++\paoda\obj\x64\release_console\ironman.core-dmano1\cputicks.asm
d:\c++\paoda\obj\x64\release_console\ironman.core-dmano1\thirdparty\asmjit\base\logger.obj
d:\c++\paoda\obj\x64\release_console\ironman.core-dmano1\logger.asm
d:\c++\paoda\obj\x64\release_console\ironman.core-dmano1\thirdparty\asmjit\base\vmem.obj
d:\c++\paoda\obj\x64\release_console\ironman.core-dmano1\vmem.asm
d:\c++\paoda\obj\x64\release_console\ironman.core-dmano1\thirdparty\asmjit\base\constpool.obj
d:\c++\paoda\obj\x64\release_console\ironman.core-dmano1\constpool.asm
d:\c++\paoda\obj\x64\release_console\ironman.core-dmano1\thirdparty\asmjit\base\containers.obj
d:\c++\paoda\obj\x64\release_console\ironman.core-dmano1\containers.asm
d:\c++\paoda\obj\x64\release_console\ironman.core-dmano1\thirdparty\asmjit\base\error.obj
d:\c++\paoda\obj\x64\release_console\ironman.core-dmano1\error.asm
d:\c++\paoda\obj\x64\release_console\ironman.core-dmano1\thirdparty\asmjit\base\runtime.obj
d:\c++\paoda\obj\x64\release_console\ironman.core-dmano1\runtime.asm
d:\c++\paoda\obj\x64\release_console\ironman.core-dmano1\thirdparty\asmjit\base\compiler.obj
d:\c++\paoda\obj\x64\release_console\ironman.core-dmano1\compiler.asm
d:\c++\paoda\obj\x64\release_console\ironman.core-dmano1\thirdparty\asmjit\base\context.obj
d:\c++\paoda\obj\x64\release_console\ironman.core-dmano1\context.asm
d:\c++\paoda\obj\x64\release_console\ironman.core-dmano1\thirdparty\asmjit\base\globals.obj
d:\c++\paoda\obj\x64\release_console\ironman.core-dmano1\globals.asm
d:\c++\paoda\obj\x64\release_console\ironman.core-dmano1\thirdparty\asmjit\base\operand.obj
d:\c++\paoda\obj\x64\release_console\ironman.core-dmano1\operand.asm
d:\c++\paoda\obj\x64\release_console\ironman.core-dmano1\thirdparty\asmjit\base\zone.obj
d:\c++\paoda\obj\x64\release_console\ironman.core-dmano1\zone.asm
d:\c++\paoda\obj\x64\release_console\ironman.core-dmano1\thirdparty\asmjit\x86\x86context.obj
d:\c++\paoda\obj\x64\release_console\ironman.core-dmano1\x86context.asm
d:\c++\paoda\obj\x64\release_console\ironman.core-dmano1\thirdparty\asmjit\x86\x86operand.obj
d:\c++\paoda\obj\x64\release_console\ironman.core-dmano1\x86operand.asm
d:\c++\paoda\obj\x64\release_console\ironman.core-dmano1\thirdparty\asmjit\x86\x86scheduler.obj
d:\c++\paoda\obj\x64\release_console\ironman.core-dmano1\x86scheduler.asm
d:\c++\paoda\obj\x64\release_console\ironman.core-dmano1\thirdparty\asmjit\x86\x86assembler.obj
d:\c++\paoda\obj\x64\release_console\ironman.core-dmano1\x86assembler.asm
d:\c++\paoda\obj\x64\release_console\ironman.core-dmano1\thirdparty\asmjit\x86\x86compiler.obj
d:\c++\paoda\obj\x64\release_console\ironman.core-dmano1\x86compiler.asm
d:\c++\paoda\obj\x64\release_console\ironman.core-dmano1\thirdparty\asmjit\x86\x86inst.obj
d:\c++\paoda\obj\x64\release_console\ironman.core-dmano1\x86inst.asm
d:\c++\paoda\obj\x64\release_console\ironman.core-dmano1\thirdparty\asmjit\x86\x86cpuinfo.obj
d:\c++\paoda\obj\x64\release_console\ironman.core-dmano1\x86cpuinfo.asm
d:\c++\paoda\obj\x64\release_console\ironman.core-dmano1\thirdparty\asmjit\x86\x86operand_regs.obj
d:\c++\paoda\obj\x64\release_console\ironman.core-dmano1\x86operand_regs.asm
c:\users\administrator\documents\neodma\paod.exe
c:\users\administrator\documents\neodma\paod.pdb
c:\users\administrator\documents\neodma\paod.lib
c:\users\administrator\documents\neodma\paod.exp
d:\c++\paoda\obj\x64\release_console\ironman.core-dmano1\ironman.core.vcxproj.filelistabsolute.txt
d:\c++\paoda\obj\x64\release_console\ironman.core-dmano1\ironman..f3f3b46c.tlog\cl.command.1.tlog
d:\c++\paoda\obj\x64\release_console\ironman.core-dmano1\ironman..f3f3b46c.tlog\cl.items.tlog
d:\c++\paoda\obj\x64\release_console\ironman.core-dmano1\ironman..f3f3b46c.tlog\cl.read.1.tlog
d:\c++\paoda\obj\x64\release_console\ironman.core-dmano1\ironman..f3f3b46c.tlog\cl.write.1.tlog
d:\c++\paoda\obj\x64\release_console\ironman.core-dmano1\ironman..f3f3b46c.tlog\link.command.1.tlog
d:\c++\paoda\obj\x64\release_console\ironman.core-dmano1\ironman..f3f3b46c.tlog\link.read.1.tlog
d:\c++\paoda\obj\x64\release_console\ironman.core-dmano1\ironman..f3f3b46c.tlog\link.secondary.1.tlog
d:\c++\paoda\obj\x64\release_console\ironman.core-dmano1\ironman..f3f3b46c.tlog\link.write.1.tlog
